<?xml version="1.0" encoding="UTF-8"?>
<coverage generated="1651141406835" clover="3.2.0">
  <project timestamp="1651141406836" name="All files">
    <metrics statements="31" coveredstatements="31" conditionals="12" coveredconditionals="9" methods="10" coveredmethods="10" elements="53" coveredelements="50" complexity="0" loc="31" ncloc="31" packages="1" files="3" classes="3"/>
    <file name="bankAccount.js" path="/Users/harry/Projects/bank-tech-test/lib/bankAccount.js">
      <metrics statements="19" coveredstatements="19" conditionals="7" coveredconditionals="5" methods="7" coveredmethods="7"/>
      <line num="1" count="1" type="stmt"/>
      <line num="2" count="1" type="stmt"/>
      <line num="6" count="1" type="stmt"/>
      <line num="7" count="1" type="stmt"/>
      <line num="8" count="1" type="stmt"/>
      <line num="9" count="1" type="stmt"/>
      <line num="13" count="3" type="stmt"/>
      <line num="14" count="3" type="stmt"/>
      <line num="18" count="1" type="stmt"/>
      <line num="19" count="1" type="stmt"/>
      <line num="20" count="2" type="cond" truecount="2" falsecount="0"/>
      <line num="21" count="1" type="stmt"/>
      <line num="22" count="1" type="cond" truecount="1" falsecount="1"/>
      <line num="23" count="1" type="stmt"/>
      <line num="26" count="1" type="stmt"/>
      <line num="30" count="2" type="stmt"/>
      <line num="34" count="1" type="stmt"/>
      <line num="38" count="1" type="stmt"/>
      <line num="42" count="1" type="stmt"/>
    </file>
    <file name="statement.js" path="/Users/harry/Projects/bank-tech-test/lib/statement.js">
      <metrics statements="8" coveredstatements="8" conditionals="4" coveredconditionals="3" methods="2" coveredmethods="2"/>
      <line num="3" count="4" type="stmt"/>
      <line num="4" count="4" type="stmt"/>
      <line num="5" count="5" type="cond" truecount="2" falsecount="0"/>
      <line num="6" count="3" type="stmt"/>
      <line num="7" count="2" type="cond" truecount="1" falsecount="1"/>
      <line num="8" count="2" type="stmt"/>
      <line num="11" count="4" type="stmt"/>
      <line num="15" count="2" type="stmt"/>
    </file>
    <file name="transaction.js" path="/Users/harry/Projects/bank-tech-test/lib/transaction.js">
      <metrics statements="4" coveredstatements="4" conditionals="1" coveredconditionals="1" methods="1" coveredmethods="1"/>
      <line num="3" count="3" type="stmt"/>
      <line num="4" count="3" type="stmt"/>
      <line num="5" count="3" type="stmt"/>
      <line num="10" count="2" type="stmt"/>
    </file>
  </project>
</coverage>
