{"/Users/harry/Projects/bank-tech-test/lib/bankAccount.js": {"path":"/Users/harry/Projects/bank-tech-test/lib/bankAccount.js","statementMap":{"0":{"start":{"line":1,"column":18},"end":{"line":1,"column":40}},"1":{"start":{"line":2,"column":20},"end":{"line":2,"column":44}},"2":{"start":{"line":6,"column":4},"end":{"line":6,"column":41}},"3":{"start":{"line":7,"column":4},"end":{"line":7,"column":33}},"4":{"start":{"line":8,"column":4},"end":{"line":8,"column":45}},"5":{"start":{"line":9,"column":4},"end":{"line":9,"column":41}},"6":{"start":{"line":13,"column":24},"end":{"line":13,"column":93}},"7":{"start":{"line":14,"column":4},"end":{"line":14,"column":34}},"8":{"start":{"line":18,"column":25},"end":{"line":18,"column":44}},"9":{"start":{"line":19,"column":4},"end":{"line":25,"column":6}},"10":{"start":{"line":20,"column":6},"end":{"line":24,"column":7}},"11":{"start":{"line":21,"column":8},"end":{"line":21,"column":45}},"12":{"start":{"line":22,"column":13},"end":{"line":24,"column":7}},"13":{"start":{"line":23,"column":8},"end":{"line":23,"column":45}},"14":{"start":{"line":26,"column":4},"end":{"line":26,"column":36}},"15":{"start":{"line":30,"column":4},"end":{"line":30,"column":46}},"16":{"start":{"line":34,"column":4},"end":{"line":34,"column":70}},"17":{"start":{"line":38,"column":4},"end":{"line":38,"column":71}},"18":{"start":{"line":42,"column":0},"end":{"line":42,"column":29}}},"fnMap":{"0":{"name":"(anonymous_0)","decl":{"start":{"line":5,"column":2},"end":{"line":5,"column":3}},"loc":{"start":{"line":5,"column":95},"end":{"line":10,"column":3}},"line":5},"1":{"name":"(anonymous_1)","decl":{"start":{"line":12,"column":2},"end":{"line":12,"column":3}},"loc":{"start":{"line":12,"column":19},"end":{"line":15,"column":3}},"line":12},"2":{"name":"(anonymous_2)","decl":{"start":{"line":17,"column":2},"end":{"line":17,"column":3}},"loc":{"start":{"line":17,"column":19},"end":{"line":27,"column":3}},"line":17},"3":{"name":"(anonymous_3)","decl":{"start":{"line":19,"column":36},"end":{"line":19,"column":37}},"loc":{"start":{"line":19,"column":51},"end":{"line":25,"column":5}},"line":19},"4":{"name":"(anonymous_4)","decl":{"start":{"line":29,"column":2},"end":{"line":29,"column":3}},"loc":{"start":{"line":29,"column":30},"end":{"line":31,"column":3}},"line":29},"5":{"name":"(anonymous_5)","decl":{"start":{"line":33,"column":2},"end":{"line":33,"column":3}},"loc":{"start":{"line":33,"column":18},"end":{"line":35,"column":3}},"line":33},"6":{"name":"(anonymous_6)","decl":{"start":{"line":37,"column":2},"end":{"line":37,"column":3}},"loc":{"start":{"line":37,"column":19},"end":{"line":39,"column":3}},"line":37}},"branchMap":{"0":{"loc":{"start":{"line":5,"column":15},"end":{"line":5,"column":33}},"type":"default-arg","locations":[{"start":{"line":5,"column":32},"end":{"line":5,"column":33}}],"line":5},"1":{"loc":{"start":{"line":5,"column":35},"end":{"line":5,"column":65}},"type":"default-arg","locations":[{"start":{"line":5,"column":54},"end":{"line":5,"column":65}}],"line":5},"2":{"loc":{"start":{"line":5,"column":67},"end":{"line":5,"column":93}},"type":"default-arg","locations":[{"start":{"line":5,"column":84},"end":{"line":5,"column":93}}],"line":5},"3":{"loc":{"start":{"line":20,"column":6},"end":{"line":24,"column":7}},"type":"if","locations":[{"start":{"line":20,"column":6},"end":{"line":24,"column":7}},{"start":{"line":22,"column":13},"end":{"line":24,"column":7}}],"line":20},"4":{"loc":{"start":{"line":22,"column":13},"end":{"line":24,"column":7}},"type":"if","locations":[{"start":{"line":22,"column":13},"end":{"line":24,"column":7}},{"start":{},"end":{}}],"line":22}},"s":{"0":1,"1":1,"2":1,"3":1,"4":1,"5":1,"6":3,"7":3,"8":1,"9":1,"10":2,"11":1,"12":1,"13":1,"14":1,"15":2,"16":1,"17":1,"18":1},"f":{"0":1,"1":3,"2":1,"3":2,"4":2,"5":1,"6":1},"b":{"0":[0],"1":[1],"2":[1],"3":[1,1],"4":[1,0]},"_coverageSchema":"1a1c01bbd47fc00a2c39e90264f33305004495a9","hash":"c5972d2db65192122a2fa4cfcbbdc871e41228de"}
,"/Users/harry/Projects/bank-tech-test/lib/statement.js": {"path":"/Users/harry/Projects/bank-tech-test/lib/statement.js","statementMap":{"0":{"start":{"line":3,"column":4},"end":{"line":3,"column":58}},"1":{"start":{"line":4,"column":6},"end":{"line":10,"column":6}},"2":{"start":{"line":5,"column":6},"end":{"line":9,"column":7}},"3":{"start":{"line":6,"column":8},"end":{"line":6,"column":174}},"4":{"start":{"line":7,"column":13},"end":{"line":9,"column":7}},"5":{"start":{"line":8,"column":8},"end":{"line":8,"column":174}},"6":{"start":{"line":11,"column":4},"end":{"line":11,"column":25}},"7":{"start":{"line":15,"column":0},"end":{"line":15,"column":26}}},"fnMap":{"0":{"name":"(anonymous_0)","decl":{"start":{"line":2,"column":2},"end":{"line":2,"column":3}},"loc":{"start":{"line":2,"column":50},"end":{"line":12,"column":3}},"line":2},"1":{"name":"(anonymous_1)","decl":{"start":{"line":4,"column":33},"end":{"line":4,"column":34}},"loc":{"start":{"line":4,"column":48},"end":{"line":10,"column":5}},"line":4}},"branchMap":{"0":{"loc":{"start":{"line":5,"column":6},"end":{"line":9,"column":7}},"type":"if","locations":[{"start":{"line":5,"column":6},"end":{"line":9,"column":7}},{"start":{"line":7,"column":13},"end":{"line":9,"column":7}}],"line":5},"1":{"loc":{"start":{"line":7,"column":13},"end":{"line":9,"column":7}},"type":"if","locations":[{"start":{"line":7,"column":13},"end":{"line":9,"column":7}},{"start":{},"end":{}}],"line":7}},"s":{"0":4,"1":4,"2":5,"3":3,"4":2,"5":2,"6":4,"7":2},"f":{"0":4,"1":5},"b":{"0":[3,2],"1":[2,0]},"_coverageSchema":"1a1c01bbd47fc00a2c39e90264f33305004495a9","hash":"6af3901c9e6283a9bbeead862c43fb7074cc05cf"}
,"/Users/harry/Projects/bank-tech-test/lib/transaction.js": {"path":"/Users/harry/Projects/bank-tech-test/lib/transaction.js","statementMap":{"0":{"start":{"line":3,"column":4},"end":{"line":3,"column":25}},"1":{"start":{"line":4,"column":4},"end":{"line":4,"column":21}},"2":{"start":{"line":5,"column":4},"end":{"line":5,"column":21}},"3":{"start":{"line":10,"column":0},"end":{"line":10,"column":29}}},"fnMap":{"0":{"name":"(anonymous_0)","decl":{"start":{"line":2,"column":2},"end":{"line":2,"column":3}},"loc":{"start":{"line":2,"column":47},"end":{"line":7,"column":3}},"line":2}},"branchMap":{"0":{"loc":{"start":{"line":2,"column":28},"end":{"line":2,"column":45}},"type":"default-arg","locations":[{"start":{"line":2,"column":35},"end":{"line":2,"column":45}}],"line":2}},"s":{"0":3,"1":3,"2":3,"3":2},"f":{"0":3},"b":{"0":[3]},"_coverageSchema":"1a1c01bbd47fc00a2c39e90264f33305004495a9","hash":"3bb268405b8d12ac4255a4b5d45be7f955664822"}
}
