TN:
SF:lib/bankAccount.js
FN:5,(anonymous_0)
FN:12,(anonymous_1)
FN:17,(anonymous_2)
FN:19,(anonymous_3)
FN:29,(anonymous_4)
FN:33,(anonymous_5)
FN:37,(anonymous_6)
FNF:7
FNH:7
FNDA:1,(anonymous_0)
FNDA:3,(anonymous_1)
FNDA:1,(anonymous_2)
FNDA:2,(anonymous_3)
FNDA:2,(anonymous_4)
FNDA:1,(anonymous_5)
FNDA:1,(anonymous_6)
DA:1,1
DA:2,1
DA:6,1
DA:7,1
DA:8,1
DA:9,1
DA:13,3
DA:14,3
DA:18,1
DA:19,1
DA:20,2
DA:21,1
DA:22,1
DA:23,1
DA:26,1
DA:30,2
DA:34,1
DA:38,1
DA:42,1
LF:19
LH:19
BRDA:5,0,0,0
BRDA:5,1,0,1
BRDA:5,2,0,1
BRDA:20,3,0,1
BRDA:20,3,1,1
BRDA:22,4,0,1
BRDA:22,4,1,0
BRF:7
BRH:5
end_of_record
TN:
SF:lib/statement.js
FN:2,(anonymous_0)
FN:4,(anonymous_1)
FNF:2
FNH:2
FNDA:4,(anonymous_0)
FNDA:5,(anonymous_1)
DA:3,4
DA:4,4
DA:5,5
DA:6,3
DA:7,2
DA:8,2
DA:11,4
DA:15,2
LF:8
LH:8
BRDA:5,0,0,3
BRDA:5,0,1,2
BRDA:7,1,0,2
BRDA:7,1,1,0
BRF:4
BRH:3
end_of_record
TN:
SF:lib/transaction.js
FN:2,(anonymous_0)
FNF:1
FNH:1
FNDA:3,(anonymous_0)
DA:3,3
DA:4,3
DA:5,3
DA:10,2
LF:4
LH:4
BRDA:2,0,0,3
BRF:1
BRH:1
end_of_record
